<?xml version="1.0" encoding="UTF-8"?>
<!-- Generated by org.testng.reporters.JUnitReportReporter -->
<testsuite hostname="Nurs-MacBook-Pro.local" failures="0" tests="1" name="testcase.FirstTest" time="4.629" errors="0" timestamp="2022-03-16T21:07:59 TRT" skipped="0">
  <testcase classname="testcase.FirstTest" name="Math" time="4.629"/>
  <system-out/>
</testsuite> <!-- testcase.FirstTest -->
