<?xml version="1.0" encoding="UTF-8"?>
<!-- Generated by org.testng.reporters.JUnitReportReporter -->
<testsuite hostname="Nurs-MacBook-Pro.local" failures="0" tests="1" name="testcase.Pop_up" time="0.021" errors="0" timestamp="2022-03-18T07:23:55 TRT" skipped="0">
  <testcase classname="testcase.Pop_up" name="popupReturn" time="0.021"/>
  <system-out/>
</testsuite> <!-- testcase.Pop_up -->
