<?xml version="1.0" encoding="UTF-8"?>
<!-- Generated by org.testng.reporters.JUnitReportReporter -->
<testsuite hostname="Nurs-MacBook-Pro.local" failures="0" tests="1" name="testcase.SearchTest" time="2.556" errors="0" timestamp="2022-03-18T07:17:34 TRT" skipped="0">
  <testcase classname="testcase.SearchTest" name="search" time="2.556"/>
  <system-out/>
</testsuite> <!-- testcase.SearchTest -->
